<?xml version="1.0" encoding="UTF-8"?>
<!-- Generated by org.testng.reporters.JUnitReportReporter -->
<testsuite skipped="0" hostname="DESKTOP-TI5TNR3" name="com.qa.crm.testcases.HomePageTest" tests="3" failures="0" timestamp="25 Apr 2019 11:02:54 GMT" time="52.814" errors="0">
  <testcase name="verifyHomePageTitleTest" time="19.595" classname="com.qa.crm.testcases.HomePageTest"/>
  <testcase name="verifyUserNameTest" time="17.995" classname="com.qa.crm.testcases.HomePageTest"/>
  <testcase name="verifyContactsLinkTest" time="15.224" classname="com.qa.crm.testcases.HomePageTest"/>
</testsuite> <!-- com.qa.crm.testcases.HomePageTest -->
