<?xml version="1.0" encoding="UTF-8"?>
<!-- Generated by org.testng.reporters.JUnitReportReporter -->
<testsuite skipped="0" hostname="DESKTOP-TI5TNR3" name="com.qa.crm.testcases.HomePageTest" tests="3" failures="0" timestamp="25 Apr 2019 11:39:13 GMT" time="53.025" errors="0">
  <testcase name="verifyHomePageTitleTest" time="20.288" classname="com.qa.crm.testcases.HomePageTest"/>
  <testcase name="verifyUserNameTest" time="13.956" classname="com.qa.crm.testcases.HomePageTest"/>
  <testcase name="verifyContactsLinkTest" time="18.781" classname="com.qa.crm.testcases.HomePageTest"/>
</testsuite> <!-- com.qa.crm.testcases.HomePageTest -->
