<?xml version="1.0" encoding="UTF-8"?>
<!-- Generated by org.testng.reporters.JUnitReportReporter -->
<testsuite skipped="0" hostname="DESKTOP-TI5TNR3" name="com.qa.crm.testcases.LoginPageTest" tests="3" failures="0" timestamp="25 Apr 2019 11:39:13 GMT" time="38.588" errors="0">
  <testcase name="loginPageTitleTest" time="10.366" classname="com.qa.crm.testcases.LoginPageTest"/>
  <testcase name="crmLogoImageTest" time="8.787" classname="com.qa.crm.testcases.LoginPageTest"/>
  <testcase name="loginTest" time="19.435" classname="com.qa.crm.testcases.LoginPageTest"/>
</testsuite> <!-- com.qa.crm.testcases.LoginPageTest -->
