<?xml version="1.0" encoding="UTF-8"?>
<!-- Generated by org.testng.reporters.JUnitReportReporter -->
<testsuite skipped="0" hostname="DESKTOP-TI5TNR3" name="com.qa.crm.testcases.ContactsPageTest" tests="5" failures="0" timestamp="25 Apr 2019 11:39:13 GMT" time="182.812" errors="0">
  <testcase name="verifyContactsPageLabel" time="32.670" classname="com.qa.crm.testcases.ContactsPageTest"/>
  <testcase name="selectSingleContactsTest" time="31.653" classname="com.qa.crm.testcases.ContactsPageTest"/>
  <testcase name="selectMultipleContactsTest" time="33.780" classname="com.qa.crm.testcases.ContactsPageTest"/>
  <testcase name="validateCreateNewContact" time="38.422" classname="com.qa.crm.testcases.ContactsPageTest"/>
  <testcase name="validateCreateNewContact" time="46.287" classname="com.qa.crm.testcases.ContactsPageTest"/>
</testsuite> <!-- com.qa.crm.testcases.ContactsPageTest -->
