<?xml version="1.0" encoding="UTF-8"?>
<!-- Generated by org.testng.reporters.JUnitReportReporter -->
<testsuite skipped="0" hostname="DESKTOP-TI5TNR3" name="com.qa.crm.testcases.LoginPageTest" tests="3" failures="0" timestamp="25 Apr 2019 11:02:54 GMT" time="43.329" errors="0">
  <testcase name="loginPageTitleTest" time="10.239" classname="com.qa.crm.testcases.LoginPageTest"/>
  <testcase name="crmLogoImageTest" time="11.608" classname="com.qa.crm.testcases.LoginPageTest"/>
  <testcase name="loginTest" time="21.482" classname="com.qa.crm.testcases.LoginPageTest"/>
</testsuite> <!-- com.qa.crm.testcases.LoginPageTest -->
