<?xml version="1.0" encoding="UTF-8"?>
<!-- Generated by org.testng.reporters.JUnitReportReporter -->
<testsuite skipped="0" hostname="DESKTOP-TI5TNR3" name="com.qa.crm.testcases.ContactsPageTest" tests="5" failures="0" timestamp="25 Apr 2019 11:02:54 GMT" time="170.652" errors="0">
  <testcase name="verifyContactsPageLabel" time="30.520" classname="com.qa.crm.testcases.ContactsPageTest"/>
  <testcase name="selectSingleContactsTest" time="31.181" classname="com.qa.crm.testcases.ContactsPageTest"/>
  <testcase name="selectMultipleContactsTest" time="34.257" classname="com.qa.crm.testcases.ContactsPageTest"/>
  <testcase name="validateCreateNewContact" time="37.606" classname="com.qa.crm.testcases.ContactsPageTest"/>
  <testcase name="validateCreateNewContact" time="37.088" classname="com.qa.crm.testcases.ContactsPageTest"/>
</testsuite> <!-- com.qa.crm.testcases.ContactsPageTest -->
