<?xml version="1.0" encoding="UTF-8"?>
<!-- Generated by org.testng.reporters.JUnitReportReporter -->
<testsuite skipped="0" hostname="DESKTOP-TI5TNR3" name="com.qa.crm.testcases.LoginPageTest" tests="3" failures="0" timestamp="20 Apr 2019 06:13:27 GMT" time="155.341" errors="0">
  <testcase name="loginPageTitleTest" time="9.610" classname="com.qa.crm.testcases.LoginPageTest"/>
  <testcase name="crmLogoImgTest" time="11.915" classname="com.qa.crm.testcases.LoginPageTest"/>
  <testcase name="loginTest" time="133.816" classname="com.qa.crm.testcases.LoginPageTest"/>
</testsuite> <!-- com.qa.crm.testcases.LoginPageTest -->
